[2021-11-18T14:27:52.998Z][QUERY]: START TRANSACTION
[2021-11-18T14:27:53.006Z][QUERY]: SELECT DATABASE() AS `db_name`
[2021-11-18T14:27:53.011Z][QUERY]: 
                        SELECT `TABLE_SCHEMA`,
                               `TABLE_NAME`
                        FROM `INFORMATION_SCHEMA`.`TABLES`
                        WHERE `TABLE_SCHEMA` = 'typeorm_crud'
                          AND `TABLE_NAME` = 'posts'
                     UNION 
                        SELECT `TABLE_SCHEMA`,
                               `TABLE_NAME`
                        FROM `INFORMATION_SCHEMA`.`TABLES`
                        WHERE `TABLE_SCHEMA` = 'typeorm_crud'
                          AND `TABLE_NAME` = 'users'
                    
[2021-11-18T14:27:53.021Z][QUERY]: 
                SELECT
                    *
                FROM
                    `INFORMATION_SCHEMA`.`COLUMNS`
                WHERE
                    `TABLE_SCHEMA` = 'typeorm_crud'
                    AND
                    `TABLE_NAME` = 'posts'
                 UNION 
                SELECT
                    *
                FROM
                    `INFORMATION_SCHEMA`.`COLUMNS`
                WHERE
                    `TABLE_SCHEMA` = 'typeorm_crud'
                    AND
                    `TABLE_NAME` = 'users'
                
[2021-11-18T14:27:53.023Z][QUERY]: SELECT * FROM (
                SELECT
                    *
                FROM `INFORMATION_SCHEMA`.`KEY_COLUMN_USAGE` `kcu`
                WHERE
                    `kcu`.`TABLE_SCHEMA` = 'typeorm_crud'
                    AND
                    `kcu`.`TABLE_NAME` = 'posts'
             UNION 
                SELECT
                    *
                FROM `INFORMATION_SCHEMA`.`KEY_COLUMN_USAGE` `kcu`
                WHERE
                    `kcu`.`TABLE_SCHEMA` = 'typeorm_crud'
                    AND
                    `kcu`.`TABLE_NAME` = 'users'
            ) `kcu` WHERE `CONSTRAINT_NAME` = 'PRIMARY'
[2021-11-18T14:27:53.024Z][QUERY]: 
            SELECT
                `SCHEMA_NAME`,
                `DEFAULT_CHARACTER_SET_NAME` as `CHARSET`,
                `DEFAULT_COLLATION_NAME` AS `COLLATION`
            FROM `INFORMATION_SCHEMA`.`SCHEMATA`
            
[2021-11-18T14:27:53.025Z][QUERY]: 
            SELECT
                `s`.*
            FROM (
                SELECT
                    *
                FROM `INFORMATION_SCHEMA`.`STATISTICS`
                WHERE
                    `TABLE_SCHEMA` = 'typeorm_crud'
                    AND
                    `TABLE_NAME` = 'posts'
             UNION 
                SELECT
                    *
                FROM `INFORMATION_SCHEMA`.`STATISTICS`
                WHERE
                    `TABLE_SCHEMA` = 'typeorm_crud'
                    AND
                    `TABLE_NAME` = 'users'
            ) `s`
            LEFT JOIN (
                SELECT
                    *
                FROM `INFORMATION_SCHEMA`.`REFERENTIAL_CONSTRAINTS`
                WHERE
                    `CONSTRAINT_SCHEMA` = 'typeorm_crud'
                    AND
                    `TABLE_NAME` = 'posts'
             UNION 
                SELECT
                    *
                FROM `INFORMATION_SCHEMA`.`REFERENTIAL_CONSTRAINTS`
                WHERE
                    `CONSTRAINT_SCHEMA` = 'typeorm_crud'
                    AND
                    `TABLE_NAME` = 'users'
            ) `rc`
                ON
                    `s`.`INDEX_NAME` = `rc`.`CONSTRAINT_NAME`
                    AND
                    `s`.`TABLE_SCHEMA` = `rc`.`CONSTRAINT_SCHEMA`
            WHERE
                `s`.`INDEX_NAME` != 'PRIMARY'
                AND
                `rc`.`CONSTRAINT_NAME` IS NULL
            
[2021-11-18T14:27:53.026Z][QUERY]: 
            SELECT
                `kcu`.`TABLE_SCHEMA`,
                `kcu`.`TABLE_NAME`,
                `kcu`.`CONSTRAINT_NAME`,
                `kcu`.`COLUMN_NAME`,
                `kcu`.`REFERENCED_TABLE_SCHEMA`,
                `kcu`.`REFERENCED_TABLE_NAME`,
                `kcu`.`REFERENCED_COLUMN_NAME`,
                `rc`.`DELETE_RULE` `ON_DELETE`,
                `rc`.`UPDATE_RULE` `ON_UPDATE`
            FROM (
                SELECT
                    *
                FROM `INFORMATION_SCHEMA`.`KEY_COLUMN_USAGE` `kcu`
                WHERE
                    `kcu`.`TABLE_SCHEMA` = 'typeorm_crud'
                    AND
                    `kcu`.`TABLE_NAME` = 'posts'
             UNION 
                SELECT
                    *
                FROM `INFORMATION_SCHEMA`.`KEY_COLUMN_USAGE` `kcu`
                WHERE
                    `kcu`.`TABLE_SCHEMA` = 'typeorm_crud'
                    AND
                    `kcu`.`TABLE_NAME` = 'users'
            ) `kcu`
            INNER JOIN (
                SELECT
                    *
                FROM `INFORMATION_SCHEMA`.`REFERENTIAL_CONSTRAINTS`
                WHERE
                    `CONSTRAINT_SCHEMA` = 'typeorm_crud'
                    AND
                    `TABLE_NAME` = 'posts'
             UNION 
                SELECT
                    *
                FROM `INFORMATION_SCHEMA`.`REFERENTIAL_CONSTRAINTS`
                WHERE
                    `CONSTRAINT_SCHEMA` = 'typeorm_crud'
                    AND
                    `TABLE_NAME` = 'users'
            ) `rc`
                ON
                    `rc`.`CONSTRAINT_SCHEMA` = `kcu`.`CONSTRAINT_SCHEMA`
                    AND
                    `rc`.`TABLE_NAME` = `kcu`.`TABLE_NAME`
                    AND
                    `rc`.`CONSTRAINT_NAME` = `kcu`.`CONSTRAINT_NAME`
            
[2021-11-18T14:27:53.057Z][QUERY]: SELECT VERSION() AS `version`
[2021-11-18T14:27:53.066Z][QUERY]: SELECT * FROM `INFORMATION_SCHEMA`.`COLUMNS` WHERE `TABLE_SCHEMA` = 'typeorm_crud' AND `TABLE_NAME` = 'typeorm_metadata'
[2021-11-18T14:27:53.087Z][QUERY]: COMMIT
[2021-11-18T14:30:13.787Z][QUERY]: START TRANSACTION
[2021-11-18T14:30:13.795Z][QUERY]: SELECT DATABASE() AS `db_name`
[2021-11-18T14:30:13.800Z][QUERY]: 
                        SELECT `TABLE_SCHEMA`,
                               `TABLE_NAME`
                        FROM `INFORMATION_SCHEMA`.`TABLES`
                        WHERE `TABLE_SCHEMA` = 'typeorm_crud'
                          AND `TABLE_NAME` = 'posts'
                     UNION 
                        SELECT `TABLE_SCHEMA`,
                               `TABLE_NAME`
                        FROM `INFORMATION_SCHEMA`.`TABLES`
                        WHERE `TABLE_SCHEMA` = 'typeorm_crud'
                          AND `TABLE_NAME` = 'users'
                    
[2021-11-18T14:30:13.810Z][QUERY]: 
                SELECT
                    *
                FROM
                    `INFORMATION_SCHEMA`.`COLUMNS`
                WHERE
                    `TABLE_SCHEMA` = 'typeorm_crud'
                    AND
                    `TABLE_NAME` = 'posts'
                 UNION 
                SELECT
                    *
                FROM
                    `INFORMATION_SCHEMA`.`COLUMNS`
                WHERE
                    `TABLE_SCHEMA` = 'typeorm_crud'
                    AND
                    `TABLE_NAME` = 'users'
                
[2021-11-18T14:30:13.812Z][QUERY]: SELECT * FROM (
                SELECT
                    *
                FROM `INFORMATION_SCHEMA`.`KEY_COLUMN_USAGE` `kcu`
                WHERE
                    `kcu`.`TABLE_SCHEMA` = 'typeorm_crud'
                    AND
                    `kcu`.`TABLE_NAME` = 'posts'
             UNION 
                SELECT
                    *
                FROM `INFORMATION_SCHEMA`.`KEY_COLUMN_USAGE` `kcu`
                WHERE
                    `kcu`.`TABLE_SCHEMA` = 'typeorm_crud'
                    AND
                    `kcu`.`TABLE_NAME` = 'users'
            ) `kcu` WHERE `CONSTRAINT_NAME` = 'PRIMARY'
[2021-11-18T14:30:13.813Z][QUERY]: 
            SELECT
                `SCHEMA_NAME`,
                `DEFAULT_CHARACTER_SET_NAME` as `CHARSET`,
                `DEFAULT_COLLATION_NAME` AS `COLLATION`
            FROM `INFORMATION_SCHEMA`.`SCHEMATA`
            
[2021-11-18T14:30:13.814Z][QUERY]: 
            SELECT
                `s`.*
            FROM (
                SELECT
                    *
                FROM `INFORMATION_SCHEMA`.`STATISTICS`
                WHERE
                    `TABLE_SCHEMA` = 'typeorm_crud'
                    AND
                    `TABLE_NAME` = 'posts'
             UNION 
                SELECT
                    *
                FROM `INFORMATION_SCHEMA`.`STATISTICS`
                WHERE
                    `TABLE_SCHEMA` = 'typeorm_crud'
                    AND
                    `TABLE_NAME` = 'users'
            ) `s`
            LEFT JOIN (
                SELECT
                    *
                FROM `INFORMATION_SCHEMA`.`REFERENTIAL_CONSTRAINTS`
                WHERE
                    `CONSTRAINT_SCHEMA` = 'typeorm_crud'
                    AND
                    `TABLE_NAME` = 'posts'
             UNION 
                SELECT
                    *
                FROM `INFORMATION_SCHEMA`.`REFERENTIAL_CONSTRAINTS`
                WHERE
                    `CONSTRAINT_SCHEMA` = 'typeorm_crud'
                    AND
                    `TABLE_NAME` = 'users'
            ) `rc`
                ON
                    `s`.`INDEX_NAME` = `rc`.`CONSTRAINT_NAME`
                    AND
                    `s`.`TABLE_SCHEMA` = `rc`.`CONSTRAINT_SCHEMA`
            WHERE
                `s`.`INDEX_NAME` != 'PRIMARY'
                AND
                `rc`.`CONSTRAINT_NAME` IS NULL
            
[2021-11-18T14:30:13.815Z][QUERY]: 
            SELECT
                `kcu`.`TABLE_SCHEMA`,
                `kcu`.`TABLE_NAME`,
                `kcu`.`CONSTRAINT_NAME`,
                `kcu`.`COLUMN_NAME`,
                `kcu`.`REFERENCED_TABLE_SCHEMA`,
                `kcu`.`REFERENCED_TABLE_NAME`,
                `kcu`.`REFERENCED_COLUMN_NAME`,
                `rc`.`DELETE_RULE` `ON_DELETE`,
                `rc`.`UPDATE_RULE` `ON_UPDATE`
            FROM (
                SELECT
                    *
                FROM `INFORMATION_SCHEMA`.`KEY_COLUMN_USAGE` `kcu`
                WHERE
                    `kcu`.`TABLE_SCHEMA` = 'typeorm_crud'
                    AND
                    `kcu`.`TABLE_NAME` = 'posts'
             UNION 
                SELECT
                    *
                FROM `INFORMATION_SCHEMA`.`KEY_COLUMN_USAGE` `kcu`
                WHERE
                    `kcu`.`TABLE_SCHEMA` = 'typeorm_crud'
                    AND
                    `kcu`.`TABLE_NAME` = 'users'
            ) `kcu`
            INNER JOIN (
                SELECT
                    *
                FROM `INFORMATION_SCHEMA`.`REFERENTIAL_CONSTRAINTS`
                WHERE
                    `CONSTRAINT_SCHEMA` = 'typeorm_crud'
                    AND
                    `TABLE_NAME` = 'posts'
             UNION 
                SELECT
                    *
                FROM `INFORMATION_SCHEMA`.`REFERENTIAL_CONSTRAINTS`
                WHERE
                    `CONSTRAINT_SCHEMA` = 'typeorm_crud'
                    AND
                    `TABLE_NAME` = 'users'
            ) `rc`
                ON
                    `rc`.`CONSTRAINT_SCHEMA` = `kcu`.`CONSTRAINT_SCHEMA`
                    AND
                    `rc`.`TABLE_NAME` = `kcu`.`TABLE_NAME`
                    AND
                    `rc`.`CONSTRAINT_NAME` = `kcu`.`CONSTRAINT_NAME`
            
[2021-11-18T14:30:13.843Z][QUERY]: SELECT VERSION() AS `version`
[2021-11-18T14:30:13.849Z][QUERY]: SELECT * FROM `INFORMATION_SCHEMA`.`COLUMNS` WHERE `TABLE_SCHEMA` = 'typeorm_crud' AND `TABLE_NAME` = 'typeorm_metadata'
[2021-11-18T14:30:13.871Z][QUERY]: COMMIT
[2021-11-18T14:32:07.076Z][QUERY]: START TRANSACTION
[2021-11-18T14:32:07.084Z][QUERY]: SELECT DATABASE() AS `db_name`
[2021-11-18T14:32:07.089Z][QUERY]: 
                        SELECT `TABLE_SCHEMA`,
                               `TABLE_NAME`
                        FROM `INFORMATION_SCHEMA`.`TABLES`
                        WHERE `TABLE_SCHEMA` = 'typeorm_crud'
                          AND `TABLE_NAME` = 'posts'
                     UNION 
                        SELECT `TABLE_SCHEMA`,
                               `TABLE_NAME`
                        FROM `INFORMATION_SCHEMA`.`TABLES`
                        WHERE `TABLE_SCHEMA` = 'typeorm_crud'
                          AND `TABLE_NAME` = 'users'
                    
[2021-11-18T14:32:07.098Z][QUERY]: 
                SELECT
                    *
                FROM
                    `INFORMATION_SCHEMA`.`COLUMNS`
                WHERE
                    `TABLE_SCHEMA` = 'typeorm_crud'
                    AND
                    `TABLE_NAME` = 'posts'
                 UNION 
                SELECT
                    *
                FROM
                    `INFORMATION_SCHEMA`.`COLUMNS`
                WHERE
                    `TABLE_SCHEMA` = 'typeorm_crud'
                    AND
                    `TABLE_NAME` = 'users'
                
[2021-11-18T14:32:07.099Z][QUERY]: SELECT * FROM (
                SELECT
                    *
                FROM `INFORMATION_SCHEMA`.`KEY_COLUMN_USAGE` `kcu`
                WHERE
                    `kcu`.`TABLE_SCHEMA` = 'typeorm_crud'
                    AND
                    `kcu`.`TABLE_NAME` = 'posts'
             UNION 
                SELECT
                    *
                FROM `INFORMATION_SCHEMA`.`KEY_COLUMN_USAGE` `kcu`
                WHERE
                    `kcu`.`TABLE_SCHEMA` = 'typeorm_crud'
                    AND
                    `kcu`.`TABLE_NAME` = 'users'
            ) `kcu` WHERE `CONSTRAINT_NAME` = 'PRIMARY'
[2021-11-18T14:32:07.100Z][QUERY]: 
            SELECT
                `SCHEMA_NAME`,
                `DEFAULT_CHARACTER_SET_NAME` as `CHARSET`,
                `DEFAULT_COLLATION_NAME` AS `COLLATION`
            FROM `INFORMATION_SCHEMA`.`SCHEMATA`
            
[2021-11-18T14:32:07.101Z][QUERY]: 
            SELECT
                `s`.*
            FROM (
                SELECT
                    *
                FROM `INFORMATION_SCHEMA`.`STATISTICS`
                WHERE
                    `TABLE_SCHEMA` = 'typeorm_crud'
                    AND
                    `TABLE_NAME` = 'posts'
             UNION 
                SELECT
                    *
                FROM `INFORMATION_SCHEMA`.`STATISTICS`
                WHERE
                    `TABLE_SCHEMA` = 'typeorm_crud'
                    AND
                    `TABLE_NAME` = 'users'
            ) `s`
            LEFT JOIN (
                SELECT
                    *
                FROM `INFORMATION_SCHEMA`.`REFERENTIAL_CONSTRAINTS`
                WHERE
                    `CONSTRAINT_SCHEMA` = 'typeorm_crud'
                    AND
                    `TABLE_NAME` = 'posts'
             UNION 
                SELECT
                    *
                FROM `INFORMATION_SCHEMA`.`REFERENTIAL_CONSTRAINTS`
                WHERE
                    `CONSTRAINT_SCHEMA` = 'typeorm_crud'
                    AND
                    `TABLE_NAME` = 'users'
            ) `rc`
                ON
                    `s`.`INDEX_NAME` = `rc`.`CONSTRAINT_NAME`
                    AND
                    `s`.`TABLE_SCHEMA` = `rc`.`CONSTRAINT_SCHEMA`
            WHERE
                `s`.`INDEX_NAME` != 'PRIMARY'
                AND
                `rc`.`CONSTRAINT_NAME` IS NULL
            
[2021-11-18T14:32:07.102Z][QUERY]: 
            SELECT
                `kcu`.`TABLE_SCHEMA`,
                `kcu`.`TABLE_NAME`,
                `kcu`.`CONSTRAINT_NAME`,
                `kcu`.`COLUMN_NAME`,
                `kcu`.`REFERENCED_TABLE_SCHEMA`,
                `kcu`.`REFERENCED_TABLE_NAME`,
                `kcu`.`REFERENCED_COLUMN_NAME`,
                `rc`.`DELETE_RULE` `ON_DELETE`,
                `rc`.`UPDATE_RULE` `ON_UPDATE`
            FROM (
                SELECT
                    *
                FROM `INFORMATION_SCHEMA`.`KEY_COLUMN_USAGE` `kcu`
                WHERE
                    `kcu`.`TABLE_SCHEMA` = 'typeorm_crud'
                    AND
                    `kcu`.`TABLE_NAME` = 'posts'
             UNION 
                SELECT
                    *
                FROM `INFORMATION_SCHEMA`.`KEY_COLUMN_USAGE` `kcu`
                WHERE
                    `kcu`.`TABLE_SCHEMA` = 'typeorm_crud'
                    AND
                    `kcu`.`TABLE_NAME` = 'users'
            ) `kcu`
            INNER JOIN (
                SELECT
                    *
                FROM `INFORMATION_SCHEMA`.`REFERENTIAL_CONSTRAINTS`
                WHERE
                    `CONSTRAINT_SCHEMA` = 'typeorm_crud'
                    AND
                    `TABLE_NAME` = 'posts'
             UNION 
                SELECT
                    *
                FROM `INFORMATION_SCHEMA`.`REFERENTIAL_CONSTRAINTS`
                WHERE
                    `CONSTRAINT_SCHEMA` = 'typeorm_crud'
                    AND
                    `TABLE_NAME` = 'users'
            ) `rc`
                ON
                    `rc`.`CONSTRAINT_SCHEMA` = `kcu`.`CONSTRAINT_SCHEMA`
                    AND
                    `rc`.`TABLE_NAME` = `kcu`.`TABLE_NAME`
                    AND
                    `rc`.`CONSTRAINT_NAME` = `kcu`.`CONSTRAINT_NAME`
            
[2021-11-18T14:32:07.130Z][QUERY]: SELECT VERSION() AS `version`
[2021-11-18T14:32:07.137Z][QUERY]: SELECT * FROM `INFORMATION_SCHEMA`.`COLUMNS` WHERE `TABLE_SCHEMA` = 'typeorm_crud' AND `TABLE_NAME` = 'typeorm_metadata'
[2021-11-18T14:32:07.163Z][QUERY]: COMMIT
[2021-11-18T14:33:12.178Z][QUERY]: START TRANSACTION
[2021-11-18T14:33:12.187Z][QUERY]: SELECT DATABASE() AS `db_name`
[2021-11-18T14:33:12.192Z][QUERY]: 
                        SELECT `TABLE_SCHEMA`,
                               `TABLE_NAME`
                        FROM `INFORMATION_SCHEMA`.`TABLES`
                        WHERE `TABLE_SCHEMA` = 'typeorm_crud'
                          AND `TABLE_NAME` = 'posts'
                     UNION 
                        SELECT `TABLE_SCHEMA`,
                               `TABLE_NAME`
                        FROM `INFORMATION_SCHEMA`.`TABLES`
                        WHERE `TABLE_SCHEMA` = 'typeorm_crud'
                          AND `TABLE_NAME` = 'users'
                    
[2021-11-18T14:33:12.202Z][QUERY]: 
                SELECT
                    *
                FROM
                    `INFORMATION_SCHEMA`.`COLUMNS`
                WHERE
                    `TABLE_SCHEMA` = 'typeorm_crud'
                    AND
                    `TABLE_NAME` = 'posts'
                 UNION 
                SELECT
                    *
                FROM
                    `INFORMATION_SCHEMA`.`COLUMNS`
                WHERE
                    `TABLE_SCHEMA` = 'typeorm_crud'
                    AND
                    `TABLE_NAME` = 'users'
                
[2021-11-18T14:33:12.203Z][QUERY]: SELECT * FROM (
                SELECT
                    *
                FROM `INFORMATION_SCHEMA`.`KEY_COLUMN_USAGE` `kcu`
                WHERE
                    `kcu`.`TABLE_SCHEMA` = 'typeorm_crud'
                    AND
                    `kcu`.`TABLE_NAME` = 'posts'
             UNION 
                SELECT
                    *
                FROM `INFORMATION_SCHEMA`.`KEY_COLUMN_USAGE` `kcu`
                WHERE
                    `kcu`.`TABLE_SCHEMA` = 'typeorm_crud'
                    AND
                    `kcu`.`TABLE_NAME` = 'users'
            ) `kcu` WHERE `CONSTRAINT_NAME` = 'PRIMARY'
[2021-11-18T14:33:12.204Z][QUERY]: 
            SELECT
                `SCHEMA_NAME`,
                `DEFAULT_CHARACTER_SET_NAME` as `CHARSET`,
                `DEFAULT_COLLATION_NAME` AS `COLLATION`
            FROM `INFORMATION_SCHEMA`.`SCHEMATA`
            
[2021-11-18T14:33:12.205Z][QUERY]: 
            SELECT
                `s`.*
            FROM (
                SELECT
                    *
                FROM `INFORMATION_SCHEMA`.`STATISTICS`
                WHERE
                    `TABLE_SCHEMA` = 'typeorm_crud'
                    AND
                    `TABLE_NAME` = 'posts'
             UNION 
                SELECT
                    *
                FROM `INFORMATION_SCHEMA`.`STATISTICS`
                WHERE
                    `TABLE_SCHEMA` = 'typeorm_crud'
                    AND
                    `TABLE_NAME` = 'users'
            ) `s`
            LEFT JOIN (
                SELECT
                    *
                FROM `INFORMATION_SCHEMA`.`REFERENTIAL_CONSTRAINTS`
                WHERE
                    `CONSTRAINT_SCHEMA` = 'typeorm_crud'
                    AND
                    `TABLE_NAME` = 'posts'
             UNION 
                SELECT
                    *
                FROM `INFORMATION_SCHEMA`.`REFERENTIAL_CONSTRAINTS`
                WHERE
                    `CONSTRAINT_SCHEMA` = 'typeorm_crud'
                    AND
                    `TABLE_NAME` = 'users'
            ) `rc`
                ON
                    `s`.`INDEX_NAME` = `rc`.`CONSTRAINT_NAME`
                    AND
                    `s`.`TABLE_SCHEMA` = `rc`.`CONSTRAINT_SCHEMA`
            WHERE
                `s`.`INDEX_NAME` != 'PRIMARY'
                AND
                `rc`.`CONSTRAINT_NAME` IS NULL
            
[2021-11-18T14:33:12.206Z][QUERY]: 
            SELECT
                `kcu`.`TABLE_SCHEMA`,
                `kcu`.`TABLE_NAME`,
                `kcu`.`CONSTRAINT_NAME`,
                `kcu`.`COLUMN_NAME`,
                `kcu`.`REFERENCED_TABLE_SCHEMA`,
                `kcu`.`REFERENCED_TABLE_NAME`,
                `kcu`.`REFERENCED_COLUMN_NAME`,
                `rc`.`DELETE_RULE` `ON_DELETE`,
                `rc`.`UPDATE_RULE` `ON_UPDATE`
            FROM (
                SELECT
                    *
                FROM `INFORMATION_SCHEMA`.`KEY_COLUMN_USAGE` `kcu`
                WHERE
                    `kcu`.`TABLE_SCHEMA` = 'typeorm_crud'
                    AND
                    `kcu`.`TABLE_NAME` = 'posts'
             UNION 
                SELECT
                    *
                FROM `INFORMATION_SCHEMA`.`KEY_COLUMN_USAGE` `kcu`
                WHERE
                    `kcu`.`TABLE_SCHEMA` = 'typeorm_crud'
                    AND
                    `kcu`.`TABLE_NAME` = 'users'
            ) `kcu`
            INNER JOIN (
                SELECT
                    *
                FROM `INFORMATION_SCHEMA`.`REFERENTIAL_CONSTRAINTS`
                WHERE
                    `CONSTRAINT_SCHEMA` = 'typeorm_crud'
                    AND
                    `TABLE_NAME` = 'posts'
             UNION 
                SELECT
                    *
                FROM `INFORMATION_SCHEMA`.`REFERENTIAL_CONSTRAINTS`
                WHERE
                    `CONSTRAINT_SCHEMA` = 'typeorm_crud'
                    AND
                    `TABLE_NAME` = 'users'
            ) `rc`
                ON
                    `rc`.`CONSTRAINT_SCHEMA` = `kcu`.`CONSTRAINT_SCHEMA`
                    AND
                    `rc`.`TABLE_NAME` = `kcu`.`TABLE_NAME`
                    AND
                    `rc`.`CONSTRAINT_NAME` = `kcu`.`CONSTRAINT_NAME`
            
[2021-11-18T14:33:12.243Z][QUERY]: SELECT VERSION() AS `version`
[2021-11-18T14:33:12.252Z][QUERY]: SELECT * FROM `INFORMATION_SCHEMA`.`COLUMNS` WHERE `TABLE_SCHEMA` = 'typeorm_crud' AND `TABLE_NAME` = 'typeorm_metadata'
[2021-11-18T14:33:12.280Z][QUERY]: COMMIT
[2021-11-18T14:33:43.059Z][QUERY]: START TRANSACTION
[2021-11-18T14:33:43.065Z][QUERY]: SELECT DATABASE() AS `db_name`
[2021-11-18T14:33:43.071Z][QUERY]: 
                        SELECT `TABLE_SCHEMA`,
                               `TABLE_NAME`
                        FROM `INFORMATION_SCHEMA`.`TABLES`
                        WHERE `TABLE_SCHEMA` = 'typeorm_crud'
                          AND `TABLE_NAME` = 'posts'
                     UNION 
                        SELECT `TABLE_SCHEMA`,
                               `TABLE_NAME`
                        FROM `INFORMATION_SCHEMA`.`TABLES`
                        WHERE `TABLE_SCHEMA` = 'typeorm_crud'
                          AND `TABLE_NAME` = 'users'
                    
[2021-11-18T14:33:43.080Z][QUERY]: 
                SELECT
                    *
                FROM
                    `INFORMATION_SCHEMA`.`COLUMNS`
                WHERE
                    `TABLE_SCHEMA` = 'typeorm_crud'
                    AND
                    `TABLE_NAME` = 'posts'
                 UNION 
                SELECT
                    *
                FROM
                    `INFORMATION_SCHEMA`.`COLUMNS`
                WHERE
                    `TABLE_SCHEMA` = 'typeorm_crud'
                    AND
                    `TABLE_NAME` = 'users'
                
[2021-11-18T14:33:43.081Z][QUERY]: SELECT * FROM (
                SELECT
                    *
                FROM `INFORMATION_SCHEMA`.`KEY_COLUMN_USAGE` `kcu`
                WHERE
                    `kcu`.`TABLE_SCHEMA` = 'typeorm_crud'
                    AND
                    `kcu`.`TABLE_NAME` = 'posts'
             UNION 
                SELECT
                    *
                FROM `INFORMATION_SCHEMA`.`KEY_COLUMN_USAGE` `kcu`
                WHERE
                    `kcu`.`TABLE_SCHEMA` = 'typeorm_crud'
                    AND
                    `kcu`.`TABLE_NAME` = 'users'
            ) `kcu` WHERE `CONSTRAINT_NAME` = 'PRIMARY'
[2021-11-18T14:33:43.082Z][QUERY]: 
            SELECT
                `SCHEMA_NAME`,
                `DEFAULT_CHARACTER_SET_NAME` as `CHARSET`,
                `DEFAULT_COLLATION_NAME` AS `COLLATION`
            FROM `INFORMATION_SCHEMA`.`SCHEMATA`
            
[2021-11-18T14:33:43.083Z][QUERY]: 
            SELECT
                `s`.*
            FROM (
                SELECT
                    *
                FROM `INFORMATION_SCHEMA`.`STATISTICS`
                WHERE
                    `TABLE_SCHEMA` = 'typeorm_crud'
                    AND
                    `TABLE_NAME` = 'posts'
             UNION 
                SELECT
                    *
                FROM `INFORMATION_SCHEMA`.`STATISTICS`
                WHERE
                    `TABLE_SCHEMA` = 'typeorm_crud'
                    AND
                    `TABLE_NAME` = 'users'
            ) `s`
            LEFT JOIN (
                SELECT
                    *
                FROM `INFORMATION_SCHEMA`.`REFERENTIAL_CONSTRAINTS`
                WHERE
                    `CONSTRAINT_SCHEMA` = 'typeorm_crud'
                    AND
                    `TABLE_NAME` = 'posts'
             UNION 
                SELECT
                    *
                FROM `INFORMATION_SCHEMA`.`REFERENTIAL_CONSTRAINTS`
                WHERE
                    `CONSTRAINT_SCHEMA` = 'typeorm_crud'
                    AND
                    `TABLE_NAME` = 'users'
            ) `rc`
                ON
                    `s`.`INDEX_NAME` = `rc`.`CONSTRAINT_NAME`
                    AND
                    `s`.`TABLE_SCHEMA` = `rc`.`CONSTRAINT_SCHEMA`
            WHERE
                `s`.`INDEX_NAME` != 'PRIMARY'
                AND
                `rc`.`CONSTRAINT_NAME` IS NULL
            
[2021-11-18T14:33:43.087Z][QUERY]: 
            SELECT
                `kcu`.`TABLE_SCHEMA`,
                `kcu`.`TABLE_NAME`,
                `kcu`.`CONSTRAINT_NAME`,
                `kcu`.`COLUMN_NAME`,
                `kcu`.`REFERENCED_TABLE_SCHEMA`,
                `kcu`.`REFERENCED_TABLE_NAME`,
                `kcu`.`REFERENCED_COLUMN_NAME`,
                `rc`.`DELETE_RULE` `ON_DELETE`,
                `rc`.`UPDATE_RULE` `ON_UPDATE`
            FROM (
                SELECT
                    *
                FROM `INFORMATION_SCHEMA`.`KEY_COLUMN_USAGE` `kcu`
                WHERE
                    `kcu`.`TABLE_SCHEMA` = 'typeorm_crud'
                    AND
                    `kcu`.`TABLE_NAME` = 'posts'
             UNION 
                SELECT
                    *
                FROM `INFORMATION_SCHEMA`.`KEY_COLUMN_USAGE` `kcu`
                WHERE
                    `kcu`.`TABLE_SCHEMA` = 'typeorm_crud'
                    AND
                    `kcu`.`TABLE_NAME` = 'users'
            ) `kcu`
            INNER JOIN (
                SELECT
                    *
                FROM `INFORMATION_SCHEMA`.`REFERENTIAL_CONSTRAINTS`
                WHERE
                    `CONSTRAINT_SCHEMA` = 'typeorm_crud'
                    AND
                    `TABLE_NAME` = 'posts'
             UNION 
                SELECT
                    *
                FROM `INFORMATION_SCHEMA`.`REFERENTIAL_CONSTRAINTS`
                WHERE
                    `CONSTRAINT_SCHEMA` = 'typeorm_crud'
                    AND
                    `TABLE_NAME` = 'users'
            ) `rc`
                ON
                    `rc`.`CONSTRAINT_SCHEMA` = `kcu`.`CONSTRAINT_SCHEMA`
                    AND
                    `rc`.`TABLE_NAME` = `kcu`.`TABLE_NAME`
                    AND
                    `rc`.`CONSTRAINT_NAME` = `kcu`.`CONSTRAINT_NAME`
            
[2021-11-18T14:33:43.129Z][QUERY]: SELECT VERSION() AS `version`
[2021-11-18T14:33:43.136Z][QUERY]: SELECT * FROM `INFORMATION_SCHEMA`.`COLUMNS` WHERE `TABLE_SCHEMA` = 'typeorm_crud' AND `TABLE_NAME` = 'typeorm_metadata'
[2021-11-18T14:33:43.157Z][QUERY]: COMMIT
[2021-11-18T14:34:10.952Z][QUERY]: START TRANSACTION
[2021-11-18T14:34:10.961Z][QUERY]: SELECT DATABASE() AS `db_name`
[2021-11-18T14:34:10.991Z][QUERY]: 
                        SELECT `TABLE_SCHEMA`,
                               `TABLE_NAME`
                        FROM `INFORMATION_SCHEMA`.`TABLES`
                        WHERE `TABLE_SCHEMA` = 'typeorm_crud'
                          AND `TABLE_NAME` = 'posts'
                     UNION 
                        SELECT `TABLE_SCHEMA`,
                               `TABLE_NAME`
                        FROM `INFORMATION_SCHEMA`.`TABLES`
                        WHERE `TABLE_SCHEMA` = 'typeorm_crud'
                          AND `TABLE_NAME` = 'users'
                    
[2021-11-18T14:34:11.008Z][QUERY]: 
                SELECT
                    *
                FROM
                    `INFORMATION_SCHEMA`.`COLUMNS`
                WHERE
                    `TABLE_SCHEMA` = 'typeorm_crud'
                    AND
                    `TABLE_NAME` = 'posts'
                 UNION 
                SELECT
                    *
                FROM
                    `INFORMATION_SCHEMA`.`COLUMNS`
                WHERE
                    `TABLE_SCHEMA` = 'typeorm_crud'
                    AND
                    `TABLE_NAME` = 'users'
                
[2021-11-18T14:34:11.009Z][QUERY]: SELECT * FROM (
                SELECT
                    *
                FROM `INFORMATION_SCHEMA`.`KEY_COLUMN_USAGE` `kcu`
                WHERE
                    `kcu`.`TABLE_SCHEMA` = 'typeorm_crud'
                    AND
                    `kcu`.`TABLE_NAME` = 'posts'
             UNION 
                SELECT
                    *
                FROM `INFORMATION_SCHEMA`.`KEY_COLUMN_USAGE` `kcu`
                WHERE
                    `kcu`.`TABLE_SCHEMA` = 'typeorm_crud'
                    AND
                    `kcu`.`TABLE_NAME` = 'users'
            ) `kcu` WHERE `CONSTRAINT_NAME` = 'PRIMARY'
[2021-11-18T14:34:11.010Z][QUERY]: 
            SELECT
                `SCHEMA_NAME`,
                `DEFAULT_CHARACTER_SET_NAME` as `CHARSET`,
                `DEFAULT_COLLATION_NAME` AS `COLLATION`
            FROM `INFORMATION_SCHEMA`.`SCHEMATA`
            
[2021-11-18T14:34:11.011Z][QUERY]: 
            SELECT
                `s`.*
            FROM (
                SELECT
                    *
                FROM `INFORMATION_SCHEMA`.`STATISTICS`
                WHERE
                    `TABLE_SCHEMA` = 'typeorm_crud'
                    AND
                    `TABLE_NAME` = 'posts'
             UNION 
                SELECT
                    *
                FROM `INFORMATION_SCHEMA`.`STATISTICS`
                WHERE
                    `TABLE_SCHEMA` = 'typeorm_crud'
                    AND
                    `TABLE_NAME` = 'users'
            ) `s`
            LEFT JOIN (
                SELECT
                    *
                FROM `INFORMATION_SCHEMA`.`REFERENTIAL_CONSTRAINTS`
                WHERE
                    `CONSTRAINT_SCHEMA` = 'typeorm_crud'
                    AND
                    `TABLE_NAME` = 'posts'
             UNION 
                SELECT
                    *
                FROM `INFORMATION_SCHEMA`.`REFERENTIAL_CONSTRAINTS`
                WHERE
                    `CONSTRAINT_SCHEMA` = 'typeorm_crud'
                    AND
                    `TABLE_NAME` = 'users'
            ) `rc`
                ON
                    `s`.`INDEX_NAME` = `rc`.`CONSTRAINT_NAME`
                    AND
                    `s`.`TABLE_SCHEMA` = `rc`.`CONSTRAINT_SCHEMA`
            WHERE
                `s`.`INDEX_NAME` != 'PRIMARY'
                AND
                `rc`.`CONSTRAINT_NAME` IS NULL
            
[2021-11-18T14:34:11.012Z][QUERY]: 
            SELECT
                `kcu`.`TABLE_SCHEMA`,
                `kcu`.`TABLE_NAME`,
                `kcu`.`CONSTRAINT_NAME`,
                `kcu`.`COLUMN_NAME`,
                `kcu`.`REFERENCED_TABLE_SCHEMA`,
                `kcu`.`REFERENCED_TABLE_NAME`,
                `kcu`.`REFERENCED_COLUMN_NAME`,
                `rc`.`DELETE_RULE` `ON_DELETE`,
                `rc`.`UPDATE_RULE` `ON_UPDATE`
            FROM (
                SELECT
                    *
                FROM `INFORMATION_SCHEMA`.`KEY_COLUMN_USAGE` `kcu`
                WHERE
                    `kcu`.`TABLE_SCHEMA` = 'typeorm_crud'
                    AND
                    `kcu`.`TABLE_NAME` = 'posts'
             UNION 
                SELECT
                    *
                FROM `INFORMATION_SCHEMA`.`KEY_COLUMN_USAGE` `kcu`
                WHERE
                    `kcu`.`TABLE_SCHEMA` = 'typeorm_crud'
                    AND
                    `kcu`.`TABLE_NAME` = 'users'
            ) `kcu`
            INNER JOIN (
                SELECT
                    *
                FROM `INFORMATION_SCHEMA`.`REFERENTIAL_CONSTRAINTS`
                WHERE
                    `CONSTRAINT_SCHEMA` = 'typeorm_crud'
                    AND
                    `TABLE_NAME` = 'posts'
             UNION 
                SELECT
                    *
                FROM `INFORMATION_SCHEMA`.`REFERENTIAL_CONSTRAINTS`
                WHERE
                    `CONSTRAINT_SCHEMA` = 'typeorm_crud'
                    AND
                    `TABLE_NAME` = 'users'
            ) `rc`
                ON
                    `rc`.`CONSTRAINT_SCHEMA` = `kcu`.`CONSTRAINT_SCHEMA`
                    AND
                    `rc`.`TABLE_NAME` = `kcu`.`TABLE_NAME`
                    AND
                    `rc`.`CONSTRAINT_NAME` = `kcu`.`CONSTRAINT_NAME`
            
[2021-11-18T14:34:11.041Z][QUERY]: SELECT VERSION() AS `version`
[2021-11-18T14:34:11.050Z][QUERY]: SELECT * FROM `INFORMATION_SCHEMA`.`COLUMNS` WHERE `TABLE_SCHEMA` = 'typeorm_crud' AND `TABLE_NAME` = 'typeorm_metadata'
[2021-11-18T14:34:11.073Z][QUERY]: COMMIT
